<?xml version="1.0" encoding="UTF-8" ?>
<testsuite tests="6" failures="0" name="com.stackroute.keepnote.test.NoteDAOImplTest" time="0.299" errors="0" skipped="0">
  <properties>
[...]
</properties>
  <testcase classname="com.stackroute.keepnote.test.NoteDAOImplTest" name="testDeleteNoteSuccess" time="0.208"/>
  <testcase classname="com.stackroute.keepnote.test.NoteDAOImplTest" name="testGetNoteById" time="0.011"/>
  <testcase classname="com.stackroute.keepnote.test.NoteDAOImplTest" name="testGetAllNotes" time="0.039"/>
  <testcase classname="com.stackroute.keepnote.test.NoteDAOImplTest" name="testUpdateNote" time="0.013"/>
  <testcase classname="com.stackroute.keepnote.test.NoteDAOImplTest" name="testSaveNoteSuccess" time="0.014"/>
  <testcase classname="com.stackroute.keepnote.test.NoteDAOImplTest" name="testSaveNoteFailure" time="0.014"/>
</testsuite>