<?xml version="1.0" encoding="UTF-8" ?>
<testsuite tests="7" failures="0" name="com.stackroute.keepnote.test.NoteControllerTest" time="0.749" errors="0" skipped="0">
  <properties>
[...]
</properties>
  <testcase classname="com.stackroute.keepnote.test.NoteControllerTest" name="testDeleteNoteSuccess" time="0.632"/>
  <testcase classname="com.stackroute.keepnote.test.NoteControllerTest" name="testGetAllNotes" time="0.024"/>
  <testcase classname="com.stackroute.keepnote.test.NoteControllerTest" name="testMockCreation" time="0.018"/>
  <testcase classname="com.stackroute.keepnote.test.NoteControllerTest" name="testIndexPage" time="0.018"/>
  <testcase classname="com.stackroute.keepnote.test.NoteControllerTest" name="testAddNotesSuccess" time="0.021"/>
  <testcase classname="com.stackroute.keepnote.test.NoteControllerTest" name="testUpdateNoteSuccess" time="0.02"/>
  <testcase classname="com.stackroute.keepnote.test.NoteControllerTest" name="testAddnotesFailure" time="0.016"/>
</testsuite>